<?xml version="1.0" encoding="UTF-8"?>
<testsuite xmlns:xsi="http://www.w3.org/2001/XMLSchema-instance" xsi:noNamespaceSchemaLocation="https://maven.apache.org/surefire/maven-surefire-plugin/xsd/surefire-test-report.xsd" version="3.0.2" name="com.example.bookmytrip.BookmytripApplicationTests" time="13.033" tests="1" errors="0" skipped="0" failures="0" flakes="0">
  <properties>
[...]
</properties>
  <testcase name="contextLoads" classname="com.example.bookmytrip.BookmytripApplicationTests" time="4.711">
    <system-out><![CDATA[15:47:53.501 [main] INFO org.springframework.test.context.support.AnnotationConfigContextLoaderUtils -- Could not detect default configuration classes for test class [com.example.bookmytrip.BookmytripApplicationTests]: BookmytripApplicationTests does not declare any static, non-private, non-final, nested classes annotated with @Configuration.
15:47:54.001 [main] INFO org.springframework.boot.test.context.SpringBootTestContextBootstrapper -- Found @SpringBootConfiguration com.example.bookmytrip.BookmytripApplication for test class com.example.bookmytrip.BookmytripApplicationTests
15:47:54.410 [main] INFO org.springframework.test.context.support.AnnotationConfigContextLoaderUtils -- Could not detect default configuration classes for test class [com.example.bookmytrip.BookmytripApplicationTests]: BookmytripApplicationTests does not declare any static, non-private, non-final, nested classes annotated with @Configuration.
15:47:54.414 [main] INFO org.springframework.boot.test.context.SpringBootTestContextBootstrapper -- Found @SpringBootConfiguration com.example.bookmytrip.BookmytripApplication for test class com.example.bookmytrip.BookmytripApplicationTests

  .   ____          _            __ _ _
 /\\ / ___'_ __ _ _(_)_ __  __ _ \ \ \ \
( ( )\___ | '_ | '_| | '_ \/ _` | \ \ \ \
 \\/  ___)| |_)| | | | | || (_| |  ) ) ) )
  '  |____| .__|_| |_|_| |_\__, | / / / /
 =========|_|==============|___/=/_/_/_/

 :: Spring Boot ::                (v4.0.6)

2026-05-19T15:47:55.520+05:30  INFO 5800 --- [bookmytrip] [           main] c.e.b.BookmytripApplicationTests         : Starting BookmytripApplicationTests using Java 25.0.2 with PID 5800 (started by rohan in C:\MicroServices\bookmytrip)
2026-05-19T15:47:55.527+05:30  INFO 5800 --- [bookmytrip] [           main] c.e.b.BookmytripApplicationTests         : No active profile set, falling back to 1 default profile: "default"
2026-05-19T15:48:00.528+05:30  INFO 5800 --- [bookmytrip] [           main] o.s.b.a.e.web.EndpointLinksResolver      : Exposing 1 endpoint beneath base path '/actuator'
2026-05-19T15:48:00.722+05:30  INFO 5800 --- [bookmytrip] [           main] c.e.b.BookmytripApplicationTests         : Started BookmytripApplicationTests in 6.087 seconds (process running for 11.828)
]]></system-out>
    <system-err><![CDATA[Mockito is currently self-attaching to enable the inline-mock-maker. This will no longer work in future releases of the JDK. Please add Mockito as an agent to your build as described in Mockito's documentation: https://javadoc.io/doc/org.mockito/mockito-core/latest/org.mockito/org/mockito/Mockito.html#0.3
WARNING: A Java agent has been loaded dynamically (C:\Users\rohan\.m2\repository\net\bytebuddy\byte-buddy-agent\1.17.8\byte-buddy-agent-1.17.8.jar)
WARNING: If a serviceability tool is in use, please run with -XX:+EnableDynamicAgentLoading to hide this warning
WARNING: If a serviceability tool is not in use, please run with -Djdk.instrument.traceUsage for more information
WARNING: Dynamic loading of agents will be disallowed by default in a future release
]]></system-err>
  </testcase>
</testsuite>